<?xml version="1.0" encoding="UTF-8"?>
<!-- Generated by org.testng.reporters.JUnitReportReporter -->
<testsuite hostname="DuraiCivil" failures="0" tests="1" name="mytests.Grouping" time="0.006" errors="0" timestamp="2025-09-10T13:42:01 IST" skipped="0">
  <testcase classname="mytests.Grouping" name="m4" time="0.006"/>
</testsuite> <!-- mytests.Grouping -->
