<?xml version="1.0" encoding="UTF-8"?>
<!-- Generated by org.testng.reporters.JUnitReportReporter -->
<testsuite hostname="DuraiCivil" failures="0" tests="2" name="TestNg" time="0.013" errors="0" timestamp="2025-09-08T15:14:25 IST" skipped="0">
  <testcase classname="TestNg" name="m3" time="0.001"/>
  <testcase classname="TestNg" name="m2" time="0.012"/>
</testsuite> <!-- TestNg -->
