<?xml version="1.0" encoding="UTF-8"?>
<!-- Generated by org.testng.reporters.JUnitReportReporter -->
<testsuite hostname="DuraiCivil" failures="0" tests="3" name="mytests.DataAnalysis" time="0.008" errors="0" timestamp="2025-09-11T14:08:04 IST" skipped="0">
  <testcase classname="mytests.DataAnalysis" name="m1" time="0.001"/>
  <testcase classname="mytests.DataAnalysis" name="m1" time="0.006"/>
  <testcase classname="mytests.DataAnalysis" name="m1" time="0.001"/>
</testsuite> <!-- mytests.DataAnalysis -->
