<?xml version="1.0" encoding="UTF-8"?>
<!-- Generated by org.testng.reporters.JUnitReportReporter -->
<testsuite hostname="DuraiCivil" failures="0" tests="5" name="mytests.Sanitysmoke" time="0.014" errors="0" timestamp="2025-09-10T13:51:57 IST" skipped="0">
  <testcase classname="mytests.Sanitysmoke" name="m4" time="0.001"/>
  <testcase classname="mytests.Sanitysmoke" name="m3" time="0.001"/>
  <testcase classname="mytests.Sanitysmoke" name="m5" time="0.002"/>
  <testcase classname="mytests.Sanitysmoke" name="m2" time="0.001"/>
  <testcase classname="mytests.Sanitysmoke" name="m1" time="0.009"/>
</testsuite> <!-- mytests.Sanitysmoke -->
