<?xml version="1.0" encoding="UTF-8"?>
<!-- Generated by org.testng.reporters.JUnitReportReporter -->
<testsuite hostname="DuraiCivil" failures="0" tests="2" name="mytests.ParallelExcution" time="6.574" errors="0" timestamp="2025-09-12T12:54:42 IST" skipped="0">
  <testcase classname="mytests.ParallelExcution" name="m1" time="2.741"/>
  <testcase classname="mytests.ParallelExcution" name="m2" time="3.833"/>
</testsuite> <!-- mytests.ParallelExcution -->
