<?xml version="1.0" encoding="UTF-8"?>
<!-- Generated by org.testng.reporters.JUnitReportReporter -->
<testsuite hostname="DuraiCivil" failures="0" tests="4" name="TestNg2" time="0.010" errors="0" timestamp="2025-09-08T15:13:54 IST" skipped="0">
  <testcase classname="TestNg2" name="m8" time="0.002"/>
  <testcase classname="TestNg2" name="m6" time="0.002"/>
  <testcase classname="TestNg2" name="m5" time="0.004"/>
  <testcase classname="TestNg2" name="m7" time="0.002"/>
</testsuite> <!-- TestNg2 -->
