<?xml version="1.0" encoding="UTF-8"?>
<!-- Generated by org.testng.reporters.JUnitReportReporter -->
<testsuite hostname="DuraiCivil" failures="0" tests="3" name="Assertion" time="3.844" errors="0" timestamp="2025-09-10T10:06:04 IST" skipped="2">
  <testcase classname="Assertion" name="m1" time="3.844"/>
  <testcase classname="Assertion" name="m2">
    <skipped/>
  </testcase> <!-- m2 -->
  <testcase classname="Assertion" name="m3">
    <skipped/>
  </testcase> <!-- m3 -->
</testsuite> <!-- Assertion -->
