<?xml version="1.0" encoding="UTF-8"?>
<!-- Generated by org.testng.reporters.JUnitReportReporter -->
<testsuite hostname="DuraiCivil" failures="0" tests="4" name="mytests.saucheodemo" time="33.827" errors="0" timestamp="2025-09-12T09:06:58 IST" skipped="0">
  <testcase classname="mytests.saucheodemo" name="m1" time="10.208"/>
  <testcase classname="mytests.saucheodemo" name="m1" time="7.263"/>
  <testcase classname="mytests.saucheodemo" name="m1" time="7.302"/>
  <testcase classname="mytests.saucheodemo" name="m1" time="9.054"/>
</testsuite> <!-- mytests.saucheodemo -->
