<?xml version="1.0" encoding="UTF-8"?>
<!-- Generated by org.testng.reporters.JUnitReportReporter -->
<testsuite hostname="DuraiCivil" failures="0" tests="2" name="mytests.Parameterization" time="0.011" errors="0" timestamp="2025-09-11T09:26:00 IST" skipped="0">
  <testcase classname="mytests.Parameterization" name="m2" time="0.001"/>
  <testcase classname="mytests.Parameterization" name="m1" time="0.010"/>
</testsuite> <!-- mytests.Parameterization -->
